d:\workspace\sharedfiles\github_pro\cwebsocket\websocketdemo\websocketdemo\debug\websocketdemo.pch
d:\workspace\sharedfiles\github_pro\cwebsocket\websocketdemo\websocketdemo\debug\vc120.pdb
d:\workspace\sharedfiles\github_pro\cwebsocket\websocketdemo\websocketdemo\debug\vc120.idb
d:\workspace\sharedfiles\github_pro\cwebsocket\websocketdemo\websocketdemo\debug\stdafx.obj
d:\workspace\sharedfiles\github_pro\cwebsocket\websocketdemo\websocketdemo\debug\helper.obj
d:\workspace\sharedfiles\github_pro\cwebsocket\websocketdemo\websocketdemo\debug\json_reader.obj
d:\workspace\sharedfiles\github_pro\cwebsocket\websocketdemo\websocketdemo\debug\json_value.obj
d:\workspace\sharedfiles\github_pro\cwebsocket\websocketdemo\websocketdemo\debug\json_writer.obj
d:\workspace\sharedfiles\github_pro\cwebsocket\websocketdemo\websocketdemo\debug\twprotocol.obj
d:\workspace\sharedfiles\github_pro\cwebsocket\websocketdemo\websocketdemo\debug\websocketbase.obj
d:\workspace\sharedfiles\github_pro\cwebsocket\websocketdemo\websocketdemo\debug\websocketserver.obj
d:\workspace\sharedfiles\github_pro\cwebsocket\websocketdemo\websocketdemo\debug\websocketthreadbase.obj
d:\workspace\sharedfiles\github_pro\cwebsocket\websocketdemo\websocketdemo\debug\websocketdemo.obj
d:\workspace\sharedfiles\github_pro\cwebsocket\websocketdemo\websocketdemo\debug\websocketdemodlg.obj
d:\workspace\sharedfiles\github_pro\cwebsocket\websocketdemo\bin\websocketdemo.ilk
d:\workspace\sharedfiles\github_pro\cwebsocket\websocketdemo\bin\websocketdemo.exe
d:\workspace\sharedfiles\github_pro\cwebsocket\websocketdemo\bin\websocketdemo.pdb
d:\workspace\sharedfiles\github_pro\cwebsocket\websocketdemo\websocketdemo\debug\websocketdemo.res
d:\workspace\sharedfiles\github_pro\cwebsocket\websocketdemo\websocketdemo\../bin\websocketdemo.exe
d:\workspace\sharedfiles\github_pro\cwebsocket\websocketdemo\websocketdemo\debug\websocketdemo.tlog\cl.command.1.tlog
d:\workspace\sharedfiles\github_pro\cwebsocket\websocketdemo\websocketdemo\debug\websocketdemo.tlog\cl.read.1.tlog
d:\workspace\sharedfiles\github_pro\cwebsocket\websocketdemo\websocketdemo\debug\websocketdemo.tlog\cl.write.1.tlog
d:\workspace\sharedfiles\github_pro\cwebsocket\websocketdemo\websocketdemo\debug\websocketdemo.tlog\link.command.1.tlog
d:\workspace\sharedfiles\github_pro\cwebsocket\websocketdemo\websocketdemo\debug\websocketdemo.tlog\link.read.1.tlog
d:\workspace\sharedfiles\github_pro\cwebsocket\websocketdemo\websocketdemo\debug\websocketdemo.tlog\link.write.1.tlog
d:\workspace\sharedfiles\github_pro\cwebsocket\websocketdemo\websocketdemo\debug\websocketdemo.tlog\rc.command.1.tlog
d:\workspace\sharedfiles\github_pro\cwebsocket\websocketdemo\websocketdemo\debug\websocketdemo.tlog\rc.read.1.tlog
d:\workspace\sharedfiles\github_pro\cwebsocket\websocketdemo\websocketdemo\debug\websocketdemo.tlog\rc.write.1.tlog
