生成启动时间为 2023/7/4 17:10:43。
     1>项目“D:\WorkSpace\SharedFiles\gitHub_pro\CWebSocket\WebsocketDemo\WebsocketDemo\WebsocketDemo.vcxproj”在节点 2 上(Build 个目标)。
     1>ClCompile:
         D:\Program Files (x86)\Microsoft Visual Studio 12.0\VC\bin\CL.exe /c /ID:\WorkSpace\SharedFiles\gitHub_pro\CWebSocket\WebsocketDemo\WebsocketDemo\ /ID:\WorkSpace\SharedFiles\gitHub_pro\CWebSocket\WebsocketDemo\websocket_include /ZI /nologo /W3 /WX- /sdl /Od /Oy- /D WIN32 /D _WINDOWS /D _DEBUG /D _USING_V110_SDK71_ /D _UNICODE /D UNICODE /D _AFXDLL /Gm /EHsc /RTC1 /MDd /GS /fp:precise /Zc:wchar_t /Zc:forScope /Yc"stdafx.h" /Fp"Debug\WebsocketDemo.pch" /Fo"Debug\\" /Fd"Debug\vc120.pdb" /Gd /TP /analyze- /errorReport:prompt stdafx.cpp
         stdafx.cpp
         D:\Program Files (x86)\Microsoft Visual Studio 12.0\VC\bin\CL.exe /c /ID:\WorkSpace\SharedFiles\gitHub_pro\CWebSocket\WebsocketDemo\WebsocketDemo\ /ID:\WorkSpace\SharedFiles\gitHub_pro\CWebSocket\WebsocketDemo\websocket_include /ZI /nologo /W3 /WX- /sdl /Od /Oy- /D WIN32 /D _WINDOWS /D _DEBUG /D _USING_V110_SDK71_ /D _UNICODE /D UNICODE /D _AFXDLL /Gm /EHsc /RTC1 /MDd /GS /fp:precise /Zc:wchar_t /Zc:forScope /Fo"Debug\\" /Fd"Debug\vc120.pdb" /Gd /TP /analyze- /errorReport:prompt ..\Websocket\Helper.cpp ..\Websocket\json\json_reader.cpp ..\Websocket\json\json_value.cpp ..\Websocket\json\json_writer.cpp ..\Websocket\TwProtocol.cpp ..\Websocket\WebSocketBase.cpp ..\Websocket\WebSocketServer.cpp ..\Websocket\WebSocketThreadBase.cpp WebsocketDemo.cpp WebsocketDemoDlg.cpp
         WebsocketDemoDlg.cpp
     1>d:\workspace\sharedfiles\github_pro\cwebsocket\websocketdemo\websocket\websocketserver.h : warning C4819: 该文件包含不能在当前代码页(936)中表示的字符。请将该文件保存为 Unicode 格式以防止数据丢失
     1>d:\workspace\sharedfiles\github_pro\cwebsocket\websocketdemo\websocket\websocketthreadbase.h : warning C4819: 该文件包含不能在当前代码页(936)中表示的字符。请将该文件保存为 Unicode 格式以防止数据丢失
     1>d:\workspace\sharedfiles\github_pro\cwebsocket\websocketdemo\websocket\singleton.h : warning C4819: 该文件包含不能在当前代码页(936)中表示的字符。请将该文件保存为 Unicode 格式以防止数据丢失
     1>d:\workspace\sharedfiles\github_pro\cwebsocket\websocketdemo\websocket\websocketbase.h : warning C4819: 该文件包含不能在当前代码页(936)中表示的字符。请将该文件保存为 Unicode 格式以防止数据丢失
     1>d:\workspace\sharedfiles\github_pro\cwebsocket\websocketdemo\websocket_include\libwebsockets\libwebsockets.h(4732): warning C4273: “_snprintf”: dll 链接不一致
                 d:\program files (x86)\microsoft visual studio 12.0\vc\include\stdio.h(346) : 参见“_snprintf”的前一个定义
         WebsocketDemo.cpp
     1>d:\workspace\sharedfiles\github_pro\cwebsocket\websocketdemo\websocket\websocketserver.h : warning C4819: 该文件包含不能在当前代码页(936)中表示的字符。请将该文件保存为 Unicode 格式以防止数据丢失
     1>d:\workspace\sharedfiles\github_pro\cwebsocket\websocketdemo\websocket\websocketthreadbase.h : warning C4819: 该文件包含不能在当前代码页(936)中表示的字符。请将该文件保存为 Unicode 格式以防止数据丢失
     1>d:\workspace\sharedfiles\github_pro\cwebsocket\websocketdemo\websocket\singleton.h : warning C4819: 该文件包含不能在当前代码页(936)中表示的字符。请将该文件保存为 Unicode 格式以防止数据丢失
     1>d:\workspace\sharedfiles\github_pro\cwebsocket\websocketdemo\websocket\websocketbase.h : warning C4819: 该文件包含不能在当前代码页(936)中表示的字符。请将该文件保存为 Unicode 格式以防止数据丢失
     1>d:\workspace\sharedfiles\github_pro\cwebsocket\websocketdemo\websocket_include\libwebsockets\libwebsockets.h(4732): warning C4273: “_snprintf”: dll 链接不一致
                 d:\program files (x86)\microsoft visual studio 12.0\vc\include\stdio.h(346) : 参见“_snprintf”的前一个定义
         WebSocketThreadBase.cpp
     1>d:\workspace\sharedfiles\github_pro\cwebsocket\websocketdemo\websocket\websocketthreadbase.h : warning C4819: 该文件包含不能在当前代码页(936)中表示的字符。请将该文件保存为 Unicode 格式以防止数据丢失
     1>d:\workspace\sharedfiles\github_pro\cwebsocket\websocketdemo\websocket\singleton.h : warning C4819: 该文件包含不能在当前代码页(936)中表示的字符。请将该文件保存为 Unicode 格式以防止数据丢失
         WebSocketServer.cpp
     1>d:\workspace\sharedfiles\github_pro\cwebsocket\websocketdemo\websocket\websocketserver.cpp : warning C4819: 该文件包含不能在当前代码页(936)中表示的字符。请将该文件保存为 Unicode 格式以防止数据丢失
     1>d:\workspace\sharedfiles\github_pro\cwebsocket\websocketdemo\websocket\websocketserver.h : warning C4819: 该文件包含不能在当前代码页(936)中表示的字符。请将该文件保存为 Unicode 格式以防止数据丢失
     1>d:\workspace\sharedfiles\github_pro\cwebsocket\websocketdemo\websocket\websocketthreadbase.h : warning C4819: 该文件包含不能在当前代码页(936)中表示的字符。请将该文件保存为 Unicode 格式以防止数据丢失
     1>d:\workspace\sharedfiles\github_pro\cwebsocket\websocketdemo\websocket\singleton.h : warning C4819: 该文件包含不能在当前代码页(936)中表示的字符。请将该文件保存为 Unicode 格式以防止数据丢失
     1>d:\workspace\sharedfiles\github_pro\cwebsocket\websocketdemo\websocket\websocketbase.h : warning C4819: 该文件包含不能在当前代码页(936)中表示的字符。请将该文件保存为 Unicode 格式以防止数据丢失
     1>d:\workspace\sharedfiles\github_pro\cwebsocket\websocketdemo\websocket_include\libwebsockets\libwebsockets.h(4732): warning C4273: “_snprintf”: dll 链接不一致
                 d:\program files (x86)\microsoft visual studio 12.0\vc\include\stdio.h(346) : 参见“_snprintf”的前一个定义
     1>d:\workspace\sharedfiles\github_pro\cwebsocket\websocketdemo\websocket\helper.h : warning C4819: 该文件包含不能在当前代码页(936)中表示的字符。请将该文件保存为 Unicode 格式以防止数据丢失
         WebSocketBase.cpp
     1>d:\workspace\sharedfiles\github_pro\cwebsocket\websocketdemo\websocket\websocketbase.cpp : warning C4819: 该文件包含不能在当前代码页(936)中表示的字符。请将该文件保存为 Unicode 格式以防止数据丢失
     1>d:\workspace\sharedfiles\github_pro\cwebsocket\websocketdemo\websocket\websocketbase.h : warning C4819: 该文件包含不能在当前代码页(936)中表示的字符。请将该文件保存为 Unicode 格式以防止数据丢失
     1>d:\workspace\sharedfiles\github_pro\cwebsocket\websocketdemo\websocket_include\libwebsockets\libwebsockets.h(4732): warning C4273: “_snprintf”: dll 链接不一致
                 d:\program files (x86)\microsoft visual studio 12.0\vc\include\stdio.h(346) : 参见“_snprintf”的前一个定义
     1>d:\workspace\sharedfiles\github_pro\cwebsocket\websocketdemo\websocket\singleton.h : warning C4819: 该文件包含不能在当前代码页(936)中表示的字符。请将该文件保存为 Unicode 格式以防止数据丢失
     1>d:\workspace\sharedfiles\github_pro\cwebsocket\websocketdemo\websocket\websocketbase.cpp(209): warning C4305: “return”: 从“int”到“bool”截断
         TwProtocol.cpp
         json_writer.cpp
         json_value.cpp
         json_reader.cpp
         Helper.cpp
     1>d:\workspace\sharedfiles\github_pro\cwebsocket\websocketdemo\websocket\helper.h : warning C4819: 该文件包含不能在当前代码页(936)中表示的字符。请将该文件保存为 Unicode 格式以防止数据丢失
     1>d:\workspace\sharedfiles\github_pro\cwebsocket\websocketdemo\websocket\singleton.h : warning C4819: 该文件包含不能在当前代码页(936)中表示的字符。请将该文件保存为 Unicode 格式以防止数据丢失
         正在生成代码...
       ResourceCompile:
         C:\Program Files (x86)\Microsoft SDKs\Windows\v7.1A\bin\rc.exe /D _DEBUG /D _USING_V110_SDK71_ /D _UNICODE /D UNICODE /D _AFXDLL /l"0x0804" /IDebug\ /nologo /fo"Debug\WebsocketDemo.res" WebsocketDemo.rc 
       Link:
         D:\Program Files (x86)\Microsoft Visual Studio 12.0\VC\bin\link.exe /ERRORREPORT:PROMPT /OUT:"../bin\WebsocketDemo.exe" /INCREMENTAL /NOLOGO /LIBPATH:D:\WorkSpace\SharedFiles\gitHub_pro\CWebSocket\WebsocketDemo\websocket_lib /MANIFEST /MANIFESTUAC:"level='asInvoker' uiAccess='false'" /manifest:embed /manifestinput:"D:\Program Files (x86)\Microsoft Visual Studio 12.0\VC\Include\Manifest\dpiaware.manifest" /DEBUG /PDB:"../bin\WebsocketDemo.pdb" /SUBSYSTEM:WINDOWS,"5.01" /TLBID:1 /ENTRY:"wWinMainCRTStartup" /DYNAMICBASE /NXCOMPAT /IMPLIB:"../bin\WebsocketDemo.lib" /MACHINE:X86 Debug\WebsocketDemo.res
         Debug\Helper.obj
         Debug\json_reader.obj
         Debug\json_value.obj
         Debug\json_writer.obj
         Debug\TwProtocol.obj
         Debug\WebSocketBase.obj
         Debug\WebSocketServer.obj
         Debug\WebSocketThreadBase.obj
         Debug\stdafx.obj
         Debug\WebsocketDemo.obj
         Debug\WebsocketDemoDlg.obj
         WebsocketDemo.vcxproj -> D:\WorkSpace\SharedFiles\gitHub_pro\CWebSocket\WebsocketDemo\WebsocketDemo\../bin\WebsocketDemo.exe
     1>已完成生成项目“D:\WorkSpace\SharedFiles\gitHub_pro\CWebSocket\WebsocketDemo\WebsocketDemo\WebsocketDemo.vcxproj”(Build 个目标)的操作。

生成成功。

已用时间 00:00:13.40
